# JRE version: Java(TM) SE Runtime Environment (17.0.12+8) (build 17.0.12+8-LTS-286)
# Java VM: Java HotSpot(TM) 64-Bit Server VM (17.0.12+8-LTS-286, mixed mode, sharing, tiered, compressed oops, compressed class ptrs, g1 gc, windows-amd64)
GC Precious Log:
 CPUs: 4 total, 4 available
 Memory: 8071M
 Large Page Support: Disabled
 NUMA Support: Disabled
 Compressed Oops: Enabled (32-bit)
 Heap Region Size: 1M
 Heap Min Capacity: 8M
 Heap Initial Capacity: 128M
 Heap Max Capacity: 2G
 Pre-touch: Disabled
 Parallel Workers: 4
 Concurrent Workers: 1
 Concurrent Refinement Workers: 4
 Periodic GC: Disabled
Heap:
 garbage-first heap   total 206848K, used 122724K [0x0000000080000000, 0x0000000100000000)
  region size 1024K, 1 young (1024K), 1 survivors (1024K)
 Metaspace       used 91785K, committed 92544K, reserved 1179648K
  class space    used 12760K, committed 13120K, reserved 1048576K
GC Heap History (20 events):
Event: 14.974 GC heap after
{Heap after GC invocations=26 (full 0):
 garbage-first heap   total 206848K, used 67374K [0x0000000080000000, 0x0000000100000000)
  region size 1024K, 1 young (1024K), 1 survivors (1024K)
 Metaspace       used 55951K, committed 56640K, reserved 1114112K
  class space    used 7751K, committed 8128K, reserved 1048576K
}
Event: 16.406 GC heap before
{Heap before GC invocations=27 (full 0):
 garbage-first heap   total 206848K, used 143150K [0x0000000080000000, 0x0000000100000000)
  region size 1024K, 70 young (71680K), 1 survivors (1024K)
 Metaspace       used 62361K, committed 63040K, reserved 1114112K
  class space    used 8544K, committed 8832K, reserved 1048576K
}
Event: 16.414 GC heap after
{Heap after GC invocations=28 (full 0):
 garbage-first heap   total 206848K, used 73633K [0x0000000080000000, 0x0000000100000000)
  region size 1024K, 6 young (6144K), 6 survivors (6144K)
 Metaspace       used 62361K, committed 63040K, reserved 1114112K
  class space    used 8544K, committed 8832K, reserved 1048576K
}
Event: 16.463 GC heap before
{Heap before GC invocations=28 (full 0):
 garbage-first heap   total 206848K, used 77729K [0x0000000080000000, 0x0000000100000000)
  region size 1024K, 10 young (10240K), 6 survivors (6144K)
 Metaspace       used 62580K, committed 63232K, reserved 1114112K
  class space    used 8592K, committed 8896K, reserved 1048576K
}
Event: 16.469 GC heap after
{Heap after GC invocations=29 (full 0):
 garbage-first heap   total 206848K, used 73991K [0x0000000080000000, 0x0000000100000000)
  region size 1024K, 1 young (1024K), 1 survivors (1024K)
 Metaspace       used 62580K, committed 63232K, reserved 1114112K
  class space    used 8592K, committed 8896K, reserved 1048576K
}
Event: 17.668 GC heap before
{Heap before GC invocations=29 (full 0):
 garbage-first heap   total 206848K, used 144647K [0x0000000080000000, 0x0000000100000000)
  region size 1024K, 70 young (71680K), 1 survivors (1024K)
 Metaspace       used 68620K, committed 69376K, reserved 1114112K
  class space    used 9354K, committed 9728K, reserved 1048576K
}
Event: 17.674 GC heap after
{Heap after GC invocations=30 (full 0):
 garbage-first heap   total 206848K, used 76535K [0x0000000080000000, 0x0000000100000000)
  region size 1024K, 4 young (4096K), 4 survivors (4096K)
 Metaspace       used 68620K, committed 69376K, reserved 1114112K
  class space    used 9354K, committed 9728K, reserved 1048576K
}
Event: 19.053 GC heap before
{Heap before GC invocations=30 (full 0):
 garbage-first heap   total 206848K, used 152311K [0x0000000080000000, 0x0000000100000000)
  region size 1024K, 75 young (76800K), 4 survivors (4096K)
 Metaspace       used 73386K, committed 74048K, reserved 1114112K
  class space    used 10048K, committed 10368K, reserved 1048576K
}
Event: 19.068 GC heap after
{Heap after GC invocations=31 (full 0):
 garbage-first heap   total 206848K, used 83502K [0x0000000080000000, 0x0000000100000000)
  region size 1024K, 8 young (8192K), 8 survivors (8192K)
 Metaspace       used 73386K, committed 74048K, reserved 1114112K
  class space    used 10048K, committed 10368K, reserved 1048576K
}
Event: 20.118 GC heap before
{Heap before GC invocations=31 (full 0):
 garbage-first heap   total 206848K, used 154158K [0x0000000080000000, 0x0000000100000000)
  region size 1024K, 77 young (78848K), 8 survivors (8192K)
 Metaspace       used 81092K, committed 81792K, reserved 1179648K
  class space    used 10997K, committed 11328K, reserved 1048576K
}
Event: 20.131 GC heap after
{Heap after GC invocations=32 (full 0):
 garbage-first heap   total 206848K, used 87546K [0x0000000080000000, 0x0000000100000000)
  region size 1024K, 8 young (8192K), 8 survivors (8192K)
 Metaspace       used 81092K, committed 81792K, reserved 1179648K
  class space    used 10997K, committed 11328K, reserved 1048576K
}
Event: 20.871 GC heap before
{Heap before GC invocations=32 (full 0):
 garbage-first heap   total 206848K, used 132602K [0x0000000080000000, 0x0000000100000000)
  region size 1024K, 53 young (54272K), 8 survivors (8192K)
 Metaspace       used 87764K, committed 88512K, reserved 1179648K
  class space    used 12299K, committed 12672K, reserved 1048576K
}
Event: 20.882 GC heap after
{Heap after GC invocations=33 (full 0):
 garbage-first heap   total 206848K, used 89226K [0x0000000080000000, 0x0000000100000000)
  region size 1024K, 6 young (6144K), 6 survivors (6144K)
 Metaspace       used 87764K, committed 88512K, reserved 1179648K
  class space    used 12299K, committed 12672K, reserved 1048576K
}
Event: 21.480 GC heap before
{Heap before GC invocations=34 (full 0):
 garbage-first heap   total 206848K, used 171146K [0x0000000080000000, 0x0000000100000000)
  region size 1024K, 78 young (79872K), 6 survivors (6144K)
 Metaspace       used 88159K, committed 88960K, reserved 1179648K
  class space    used 12310K, committed 12672K, reserved 1048576K
}
Event: 21.518 GC heap after
{Heap after GC invocations=35 (full 0):
 garbage-first heap   total 206848K, used 111984K [0x0000000080000000, 0x0000000100000000)
  region size 1024K, 10 young (10240K), 10 survivors (10240K)
 Metaspace       used 88159K, committed 88960K, reserved 1179648K
  class space    used 12310K, committed 12672K, reserved 1048576K
}
Event: 21.532 GC heap before
{Heap before GC invocations=35 (full 0):
 garbage-first heap   total 206848K, used 113008K [0x0000000080000000, 0x0000000100000000)
  region size 1024K, 11 young (11264K), 10 survivors (10240K)
 Metaspace       used 88159K, committed 88960K, reserved 1179648K
  class space    used 12310K, committed 12672K, reserved 1048576K
}
Event: 21.550 GC heap after
{Heap after GC invocations=36 (full 0):
 garbage-first heap   total 206848K, used 113472K [0x0000000080000000, 0x0000000100000000)
  region size 1024K, 2 young (2048K), 2 survivors (2048K)
 Metaspace       used 88159K, committed 88960K, reserved 1179648K
  class space    used 12310K, committed 12672K, reserved 1048576K
}
Event: 22.113 GC heap before
{Heap before GC invocations=36 (full 0):
 garbage-first heap   total 206848K, used 159552K [0x0000000080000000, 0x0000000100000000)
  region size 1024K, 47 young (48128K), 2 survivors (2048K)
 Metaspace       used 91058K, committed 91840K, reserved 1179648K
  class space    used 12682K, committed 13056K, reserved 1048576K
}
Event: 22.125 GC heap after
{Heap after GC invocations=37 (full 0):
 garbage-first heap   total 206848K, used 121249K [0x0000000080000000, 0x0000000100000000)
  region size 1024K, 6 young (6144K), 6 survivors (6144K)
 Metaspace       used 91058K, committed 91840K, reserved 1179648K
  class space    used 12682K, committed 13056K, reserved 1048576K
}
Event: 22.226 GC heap before
{Heap before GC invocations=37 (full 0):
 garbage-first heap   total 206848K, used 128417K [0x0000000080000000, 0x0000000100000000)
  region size 1024K, 14 young (14336K), 6 survivors (6144K)
 Metaspace       used 91785K, committed 92544K, reserved 1179648K
  class space    used 12760K, committed 13120K, reserved 1048576K
}

