# JRE version: OpenJDK Runtime Environment (21.0.6) (build 21.0.6+-13391695-b895.109)
# Java VM: OpenJDK 64-Bit Server VM (21.0.6+-13391695-b895.109, mixed mode, tiered, compressed oops, compressed class ptrs, g1 gc, windows-amd64)
GC Precious Log:
 CardTable entry size: 512
 Card Set container configuration: InlinePtr #cards 5 size 8 Array Of Cards #cards 12 size 40 Howl #buckets 4 coarsen threshold 1843 Howl Bitmap #cards 512 size 80 coarsen threshold 460 Card regions per heap region 1 cards per card region 2048
 CPUs: 4 total, 4 available
 Memory: 8071M
 Large Page Support: Disabled
 NUMA Support: Disabled
 Compressed Oops: Enabled (32-bit)
 Heap Region Size: 1M
 Heap Min Capacity: 8M
 Heap Initial Capacity: 128M
 Heap Max Capacity: 2G
 Pre-touch: Disabled
 Parallel Workers: 4
 Concurrent Workers: 1
 Concurrent Refinement Workers: 4
 Periodic GC: Disabled
Heap:
 garbage-first heap   total 138240K, used 85708K [0x0000000080000000, 0x0000000100000000)
  region size 1024K, 2 young (2048K), 2 survivors (2048K)
 Metaspace       used 95271K, committed 97088K, reserved 1179648K
  class space    used 12993K, committed 13888K, reserved 1048576K
GC Heap History (20 events):
Event: 25.882 GC heap after
{Heap after GC invocations=30 (full 0):
 garbage-first heap   total 83968K, used 51424K [0x0000000080000000, 0x0000000100000000)
  region size 1024K, 3 young (3072K), 3 survivors (3072K)
 Metaspace       used 77477K, committed 79168K, reserved 1179648K
  class space    used 10419K, committed 11264K, reserved 1048576K
}
Event: 26.454 GC heap before
{Heap before GC invocations=30 (full 0):
 garbage-first heap   total 83968K, used 73952K [0x0000000080000000, 0x0000000100000000)
  region size 1024K, 26 young (26624K), 3 survivors (3072K)
 Metaspace       used 81529K, committed 83328K, reserved 1179648K
  class space    used 10905K, committed 11776K, reserved 1048576K
}
Event: 26.460 GC heap after
{Heap after GC invocations=31 (full 0):
 garbage-first heap   total 83968K, used 52153K [0x0000000080000000, 0x0000000100000000)
  region size 1024K, 2 young (2048K), 2 survivors (2048K)
 Metaspace       used 81529K, committed 83328K, reserved 1179648K
  class space    used 10905K, committed 11776K, reserved 1048576K
}
Event: 26.973 GC heap before
{Heap before GC invocations=32 (full 0):
 garbage-first heap   total 87040K, used 75705K [0x0000000080000000, 0x0000000100000000)
  region size 1024K, 26 young (26624K), 2 survivors (2048K)
 Metaspace       used 85427K, committed 87296K, reserved 1179648K
  class space    used 11397K, committed 12352K, reserved 1048576K
}
Event: 26.979 GC heap after
{Heap after GC invocations=33 (full 0):
 garbage-first heap   total 87040K, used 52689K [0x0000000080000000, 0x0000000100000000)
  region size 1024K, 3 young (3072K), 3 survivors (3072K)
 Metaspace       used 85427K, committed 87296K, reserved 1179648K
  class space    used 11397K, committed 12352K, reserved 1048576K
}
Event: 27.784 GC heap before
{Heap before GC invocations=33 (full 0):
 garbage-first heap   total 87040K, used 78289K [0x0000000080000000, 0x0000000100000000)
  region size 1024K, 28 young (28672K), 3 survivors (3072K)
 Metaspace       used 89988K, committed 91840K, reserved 1179648K
  class space    used 12393K, committed 13312K, reserved 1048576K
}
Event: 27.791 GC heap after
{Heap after GC invocations=34 (full 0):
 garbage-first heap   total 87040K, used 53483K [0x0000000080000000, 0x0000000100000000)
  region size 1024K, 3 young (3072K), 3 survivors (3072K)
 Metaspace       used 89988K, committed 91840K, reserved 1179648K
  class space    used 12393K, committed 13312K, reserved 1048576K
}
Event: 27.923 GC heap before
{Heap before GC invocations=34 (full 0):
 garbage-first heap   total 87040K, used 60651K [0x0000000080000000, 0x0000000100000000)
  region size 1024K, 11 young (11264K), 3 survivors (3072K)
 Metaspace       used 90860K, committed 92672K, reserved 1179648K
  class space    used 12509K, committed 13440K, reserved 1048576K
}
Event: 27.927 GC heap after
{Heap after GC invocations=35 (full 0):
 garbage-first heap   total 87040K, used 53250K [0x0000000080000000, 0x0000000100000000)
  region size 1024K, 3 young (3072K), 3 survivors (3072K)
 Metaspace       used 90860K, committed 92672K, reserved 1179648K
  class space    used 12509K, committed 13440K, reserved 1048576K
}
Event: 28.344 GC heap before
{Heap before GC invocations=36 (full 0):
 garbage-first heap   total 102400K, used 84994K [0x0000000080000000, 0x0000000100000000)
  region size 1024K, 27 young (27648K), 3 survivors (3072K)
 Metaspace       used 91165K, committed 93056K, reserved 1179648K
  class space    used 12519K, committed 13440K, reserved 1048576K
}
Event: 28.357 GC heap after
{Heap after GC invocations=37 (full 0):
 garbage-first heap   total 122880K, used 66697K [0x0000000080000000, 0x0000000100000000)
  region size 1024K, 4 young (4096K), 4 survivors (4096K)
 Metaspace       used 91165K, committed 93056K, reserved 1179648K
  class space    used 12519K, committed 13440K, reserved 1048576K
}
Event: 28.737 GC heap before
{Heap before GC invocations=37 (full 0):
 garbage-first heap   total 122880K, used 110729K [0x0000000080000000, 0x0000000100000000)
  region size 1024K, 41 young (41984K), 4 survivors (4096K)
 Metaspace       used 91298K, committed 93184K, reserved 1179648K
  class space    used 12522K, committed 13440K, reserved 1048576K
}
Event: 28.765 GC heap after
{Heap after GC invocations=38 (full 0):
 garbage-first heap   total 130048K, used 77126K [0x0000000080000000, 0x0000000100000000)
  region size 1024K, 6 young (6144K), 6 survivors (6144K)
 Metaspace       used 91298K, committed 93184K, reserved 1179648K
  class space    used 12522K, committed 13440K, reserved 1048576K
}
Event: 28.902 GC heap before
{Heap before GC invocations=38 (full 0):
 garbage-first heap   total 130048K, used 86342K [0x0000000080000000, 0x0000000100000000)
  region size 1024K, 16 young (16384K), 6 survivors (6144K)
 Metaspace       used 91299K, committed 93184K, reserved 1179648K
  class space    used 12522K, committed 13440K, reserved 1048576K
}
Event: 28.921 GC heap after
{Heap after GC invocations=39 (full 0):
 garbage-first heap   total 130048K, used 77219K [0x0000000080000000, 0x0000000100000000)
  region size 1024K, 4 young (4096K), 4 survivors (4096K)
 Metaspace       used 91299K, committed 93184K, reserved 1179648K
  class space    used 12522K, committed 13440K, reserved 1048576K
}
Event: 29.294 GC heap before
{Heap before GC invocations=40 (full 0):
 garbage-first heap   total 135168K, used 109987K [0x0000000080000000, 0x0000000100000000)
  region size 1024K, 33 young (33792K), 4 survivors (4096K)
 Metaspace       used 91308K, committed 93248K, reserved 1179648K
  class space    used 12523K, committed 13440K, reserved 1048576K
}
Event: 29.308 GC heap after
{Heap after GC invocations=41 (full 0):
 garbage-first heap   total 135168K, used 83900K [0x0000000080000000, 0x0000000100000000)
  region size 1024K, 5 young (5120K), 5 survivors (5120K)
 Metaspace       used 91308K, committed 93248K, reserved 1179648K
  class space    used 12523K, committed 13440K, reserved 1048576K
}
Event: 30.117 GC heap before
{Heap before GC invocations=41 (full 0):
 garbage-first heap   total 135168K, used 113596K [0x0000000080000000, 0x0000000100000000)
  region size 1024K, 34 young (34816K), 5 survivors (5120K)
 Metaspace       used 95173K, committed 97024K, reserved 1179648K
  class space    used 12979K, committed 13888K, reserved 1048576K
}
Event: 30.127 GC heap after
{Heap after GC invocations=42 (full 0):
 garbage-first heap   total 135168K, used 86154K [0x0000000080000000, 0x0000000100000000)
  region size 1024K, 3 young (3072K), 3 survivors (3072K)
 Metaspace       used 95173K, committed 97024K, reserved 1179648K
  class space    used 12979K, committed 13888K, reserved 1048576K
}
Event: 30.151 GC heap before
{Heap before GC invocations=42 (full 0):
 garbage-first heap   total 135168K, used 86154K [0x0000000080000000, 0x0000000100000000)
  region size 1024K, 4 young (4096K), 3 survivors (3072K)
 Metaspace       used 95271K, committed 97088K, reserved 1179648K
  class space    used 12993K, committed 13888K, reserved 1048576K
}

