# JRE version: Java(TM) SE Runtime Environment (17.0.12+8) (build 17.0.12+8-LTS-286)
# Java VM: Java HotSpot(TM) 64-Bit Server VM (17.0.12+8-LTS-286, mixed mode, sharing, tiered, compressed oops, compressed class ptrs, g1 gc, windows-amd64)
GC Precious Log:
 CPUs: 4 total, 4 available
 Memory: 8071M
 Large Page Support: Disabled
 NUMA Support: Disabled
 Compressed Oops: Enabled (32-bit)
 Heap Region Size: 1M
 Heap Min Capacity: 8M
 Heap Initial Capacity: 128M
 Heap Max Capacity: 2G
 Pre-touch: Disabled
 Parallel Workers: 4
 Concurrent Workers: 1
 Concurrent Refinement Workers: 4
 Periodic GC: Disabled
Heap:
 garbage-first heap   total 294912K, used 159114K [0x0000000080000000, 0x0000000100000000)
  region size 1024K, 9 young (9216K), 2 survivors (2048K)
 Metaspace       used 124243K, committed 125120K, reserved 1179648K
  class space    used 16253K, committed 16704K, reserved 1048576K
GC Heap History (20 events):
Event: 22.061 GC heap before
{Heap before GC invocations=27 (full 0):
 garbage-first heap   total 147456K, used 118093K [0x0000000080000000, 0x0000000100000000)
  region size 1024K, 44 young (45056K), 3 survivors (3072K)
 Metaspace       used 70754K, committed 71488K, reserved 1114112K
  class space    used 9663K, committed 9984K, reserved 1048576K
}
Event: 22.068 GC heap after
{Heap after GC invocations=28 (full 0):
 garbage-first heap   total 147456K, used 78124K [0x0000000080000000, 0x0000000100000000)
  region size 1024K, 5 young (5120K), 5 survivors (5120K)
 Metaspace       used 70754K, committed 71488K, reserved 1114112K
  class space    used 9663K, committed 9984K, reserved 1048576K
}
Event: 22.107 GC heap before
{Heap before GC invocations=28 (full 0):
 garbage-first heap   total 147456K, used 80172K [0x0000000080000000, 0x0000000100000000)
  region size 1024K, 7 young (7168K), 5 survivors (5120K)
 Metaspace       used 70936K, committed 71616K, reserved 1114112K
  class space    used 9686K, committed 9984K, reserved 1048576K
}
Event: 22.119 GC heap after
{Heap after GC invocations=29 (full 0):
 garbage-first heap   total 147456K, used 78131K [0x0000000080000000, 0x0000000100000000)
  region size 1024K, 1 young (1024K), 1 survivors (1024K)
 Metaspace       used 70936K, committed 71616K, reserved 1114112K
  class space    used 9686K, committed 9984K, reserved 1048576K
}
Event: 22.446 GC heap before
{Heap before GC invocations=29 (full 0):
 garbage-first heap   total 147456K, used 95539K [0x0000000080000000, 0x0000000100000000)
  region size 1024K, 19 young (19456K), 1 survivors (1024K)
 Metaspace       used 72085K, committed 72832K, reserved 1114112K
  class space    used 9842K, committed 10176K, reserved 1048576K
}
Event: 22.451 GC heap after
{Heap after GC invocations=30 (full 0):
 garbage-first heap   total 294912K, used 77972K [0x0000000080000000, 0x0000000100000000)
  region size 1024K, 1 young (1024K), 1 survivors (1024K)
 Metaspace       used 72085K, committed 72832K, reserved 1114112K
  class space    used 9842K, committed 10176K, reserved 1048576K
}
Event: 25.944 GC heap before
{Heap before GC invocations=30 (full 0):
 garbage-first heap   total 294912K, used 242836K [0x0000000080000000, 0x0000000100000000)
  region size 1024K, 152 young (155648K), 1 survivors (1024K)
 Metaspace       used 88017K, committed 88896K, reserved 1179648K
  class space    used 12295K, committed 12736K, reserved 1048576K
}
Event: 25.960 GC heap after
{Heap after GC invocations=31 (full 0):
 garbage-first heap   total 294912K, used 98876K [0x0000000080000000, 0x0000000100000000)
  region size 1024K, 11 young (11264K), 11 survivors (11264K)
 Metaspace       used 88017K, committed 88896K, reserved 1179648K
  class space    used 12295K, committed 12736K, reserved 1048576K
}
Event: 27.320 GC heap before
{Heap before GC invocations=31 (full 0):
 garbage-first heap   total 294912K, used 240188K [0x0000000080000000, 0x0000000100000000)
  region size 1024K, 141 young (144384K), 11 survivors (11264K)
 Metaspace       used 93257K, committed 94016K, reserved 1179648K
  class space    used 12873K, committed 13248K, reserved 1048576K
}
Event: 27.366 GC heap after
{Heap after GC invocations=32 (full 0):
 garbage-first heap   total 294912K, used 129122K [0x0000000080000000, 0x0000000100000000)
  region size 1024K, 18 young (18432K), 18 survivors (18432K)
 Metaspace       used 93257K, committed 94016K, reserved 1179648K
  class space    used 12873K, committed 13248K, reserved 1048576K
}
Event: 29.448 GC heap before
{Heap before GC invocations=32 (full 0):
 garbage-first heap   total 294912K, used 231522K [0x0000000080000000, 0x0000000100000000)
  region size 1024K, 118 young (120832K), 18 survivors (18432K)
 Metaspace       used 105521K, committed 106368K, reserved 1179648K
  class space    used 14238K, committed 14656K, reserved 1048576K
}
Event: 29.476 GC heap after
{Heap after GC invocations=33 (full 0):
 garbage-first heap   total 294912K, used 136665K [0x0000000080000000, 0x0000000100000000)
  region size 1024K, 6 young (6144K), 6 survivors (6144K)
 Metaspace       used 105521K, committed 106368K, reserved 1179648K
  class space    used 14238K, committed 14656K, reserved 1048576K
}
Event: 30.935 GC heap before
{Heap before GC invocations=33 (full 0):
 garbage-first heap   total 294912K, used 237017K [0x0000000080000000, 0x0000000100000000)
  region size 1024K, 103 young (105472K), 6 survivors (6144K)
 Metaspace       used 108763K, committed 109632K, reserved 1179648K
  class space    used 14568K, committed 14976K, reserved 1048576K
}
Event: 30.949 GC heap after
{Heap after GC invocations=34 (full 0):
 garbage-first heap   total 294912K, used 143833K [0x0000000080000000, 0x0000000100000000)
  region size 1024K, 13 young (13312K), 13 survivors (13312K)
 Metaspace       used 108763K, committed 109632K, reserved 1179648K
  class space    used 14568K, committed 14976K, reserved 1048576K
}
Event: 32.722 GC heap before
{Heap before GC invocations=34 (full 0):
 garbage-first heap   total 294912K, used 188889K [0x0000000080000000, 0x0000000100000000)
  region size 1024K, 58 young (59392K), 13 survivors (13312K)
 Metaspace       used 112589K, committed 113408K, reserved 1179648K
  class space    used 14946K, committed 15360K, reserved 1048576K
}
Event: 32.741 GC heap after
{Heap after GC invocations=35 (full 0):
 garbage-first heap   total 294912K, used 148875K [0x0000000080000000, 0x0000000100000000)
  region size 1024K, 5 young (5120K), 5 survivors (5120K)
 Metaspace       used 112589K, committed 113408K, reserved 1179648K
  class space    used 14946K, committed 15360K, reserved 1048576K
}
Event: 35.312 GC heap before
{Heap before GC invocations=36 (full 0):
 garbage-first heap   total 294912K, used 240011K [0x0000000080000000, 0x0000000100000000)
  region size 1024K, 95 young (97280K), 5 survivors (5120K)
 Metaspace       used 122868K, committed 123776K, reserved 1179648K
  class space    used 16137K, committed 16576K, reserved 1048576K
}
Event: 35.327 GC heap after
{Heap after GC invocations=37 (full 0):
 garbage-first heap   total 294912K, used 153276K [0x0000000080000000, 0x0000000100000000)
  region size 1024K, 11 young (11264K), 11 survivors (11264K)
 Metaspace       used 122868K, committed 123776K, reserved 1179648K
  class space    used 16137K, committed 16576K, reserved 1048576K
}
Event: 35.378 GC heap before
{Heap before GC invocations=37 (full 0):
 garbage-first heap   total 294912K, used 156348K [0x0000000080000000, 0x0000000100000000)
  region size 1024K, 14 young (14336K), 11 survivors (11264K)
 Metaspace       used 123191K, committed 124032K, reserved 1179648K
  class space    used 16176K, committed 16576K, reserved 1048576K
}
Event: 35.393 GC heap after
{Heap after GC invocations=38 (full 0):
 garbage-first heap   total 294912K, used 152970K [0x0000000080000000, 0x0000000100000000)
  region size 1024K, 2 young (2048K), 2 survivors (2048K)
 Metaspace       used 123191K, committed 124032K, reserved 1179648K
  class space    used 16176K, committed 16576K, reserved 1048576K
}

