# JRE version: Java(TM) SE Runtime Environment (17.0.12+8) (build 17.0.12+8-LTS-286)
# Java VM: Java HotSpot(TM) 64-Bit Server VM (17.0.12+8-LTS-286, mixed mode, sharing, tiered, compressed oops, compressed class ptrs, g1 gc, windows-amd64)
GC Precious Log:
 CPUs: 4 total, 4 available
 Memory: 8071M
 Large Page Support: Disabled
 NUMA Support: Disabled
 Compressed Oops: Enabled (32-bit)
 Heap Region Size: 1M
 Heap Min Capacity: 8M
 Heap Initial Capacity: 128M
 Heap Max Capacity: 2G
 Pre-touch: Disabled
 Parallel Workers: 4
 Concurrent Workers: 1
 Concurrent Refinement Workers: 4
 Periodic GC: Disabled
Heap:
 garbage-first heap   total 267264K, used 159231K [0x0000000080000000, 0x0000000100000000)
  region size 1024K, 8 young (8192K), 8 survivors (8192K)
 Metaspace       used 133045K, committed 133888K, reserved 1179648K
  class space    used 16996K, committed 17408K, reserved 1048576K
GC Heap History (20 events):
Event: 23.580 GC heap after
{Heap after GC invocations=33 (full 0):
 garbage-first heap   total 222208K, used 97735K [0x0000000080000000, 0x0000000100000000)
  region size 1024K, 2 young (2048K), 2 survivors (2048K)
 Metaspace       used 110986K, committed 111680K, reserved 1179648K
  class space    used 14249K, committed 14592K, reserved 1048576K
}
Event: 24.635 GC heap before
{Heap before GC invocations=33 (full 0):
 garbage-first heap   total 222208K, used 183751K [0x0000000080000000, 0x0000000100000000)
  region size 1024K, 76 young (77824K), 2 survivors (2048K)
 Metaspace       used 111578K, committed 112384K, reserved 1179648K
  class space    used 14342K, committed 14720K, reserved 1048576K
}
Event: 24.644 GC heap after
{Heap after GC invocations=34 (full 0):
 garbage-first heap   total 222208K, used 117579K [0x0000000080000000, 0x0000000100000000)
  region size 1024K, 10 young (10240K), 10 survivors (10240K)
 Metaspace       used 111578K, committed 112384K, reserved 1179648K
  class space    used 14342K, committed 14720K, reserved 1048576K
}
Event: 24.762 GC heap before
{Heap before GC invocations=34 (full 0):
 garbage-first heap   total 222208K, used 128843K [0x0000000080000000, 0x0000000100000000)
  region size 1024K, 21 young (21504K), 10 survivors (10240K)
 Metaspace       used 112272K, committed 113024K, reserved 1179648K
  class space    used 14409K, committed 14784K, reserved 1048576K
}
Event: 24.768 GC heap after
{Heap after GC invocations=35 (full 0):
 garbage-first heap   total 222208K, used 120302K [0x0000000080000000, 0x0000000100000000)
  region size 1024K, 2 young (2048K), 2 survivors (2048K)
 Metaspace       used 112272K, committed 113024K, reserved 1179648K
  class space    used 14409K, committed 14784K, reserved 1048576K
}
Event: 25.674 GC heap before
{Heap before GC invocations=36 (full 0):
 garbage-first heap   total 222208K, used 175598K [0x0000000080000000, 0x0000000100000000)
  region size 1024K, 58 young (59392K), 2 survivors (2048K)
 Metaspace       used 117632K, committed 118400K, reserved 1179648K
  class space    used 14977K, committed 15360K, reserved 1048576K
}
Event: 25.678 GC heap after
{Heap after GC invocations=37 (full 0):
 garbage-first heap   total 222208K, used 119607K [0x0000000080000000, 0x0000000100000000)
  region size 1024K, 3 young (3072K), 3 survivors (3072K)
 Metaspace       used 117632K, committed 118400K, reserved 1179648K
  class space    used 14977K, committed 15360K, reserved 1048576K
}
Event: 25.793 GC heap before
{Heap before GC invocations=37 (full 0):
 garbage-first heap   total 222208K, used 126775K [0x0000000080000000, 0x0000000100000000)
  region size 1024K, 10 young (10240K), 3 survivors (3072K)
 Metaspace       used 118211K, committed 118976K, reserved 1179648K
  class space    used 15052K, committed 15424K, reserved 1048576K
}
Event: 25.802 GC heap after
{Heap after GC invocations=38 (full 0):
 garbage-first heap   total 267264K, used 108335K [0x0000000080000000, 0x0000000100000000)
  region size 1024K, 1 young (1024K), 1 survivors (1024K)
 Metaspace       used 118211K, committed 118976K, reserved 1179648K
  class space    used 15052K, committed 15424K, reserved 1048576K
}
Event: 27.618 GC heap before
{Heap before GC invocations=38 (full 0):
 garbage-first heap   total 267264K, used 213807K [0x0000000080000000, 0x0000000100000000)
  region size 1024K, 99 young (101376K), 1 survivors (1024K)
 Metaspace       used 125788K, committed 126592K, reserved 1179648K
  class space    used 16084K, committed 16448K, reserved 1048576K
}
Event: 27.627 GC heap after
{Heap after GC invocations=39 (full 0):
 garbage-first heap   total 267264K, used 116365K [0x0000000080000000, 0x0000000100000000)
  region size 1024K, 8 young (8192K), 8 survivors (8192K)
 Metaspace       used 125788K, committed 126592K, reserved 1179648K
  class space    used 16084K, committed 16448K, reserved 1048576K
}
Event: 28.658 GC heap before
{Heap before GC invocations=39 (full 0):
 garbage-first heap   total 267264K, used 171661K [0x0000000080000000, 0x0000000100000000)
  region size 1024K, 63 young (64512K), 8 survivors (8192K)
 Metaspace       used 130476K, committed 131328K, reserved 1179648K
  class space    used 16734K, committed 17152K, reserved 1048576K
}
Event: 28.668 GC heap after
{Heap after GC invocations=40 (full 0):
 garbage-first heap   total 267264K, used 118824K [0x0000000080000000, 0x0000000100000000)
  region size 1024K, 3 young (3072K), 3 survivors (3072K)
 Metaspace       used 130476K, committed 131328K, reserved 1179648K
  class space    used 16734K, committed 17152K, reserved 1048576K
}
Event: 29.905 GC heap before
{Heap before GC invocations=41 (full 0):
 garbage-first heap   total 267264K, used 218152K [0x0000000080000000, 0x0000000100000000)
  region size 1024K, 97 young (99328K), 3 survivors (3072K)
 Metaspace       used 131638K, committed 132480K, reserved 1179648K
  class space    used 16920K, committed 17344K, reserved 1048576K
}
Event: 29.930 GC heap after
{Heap after GC invocations=42 (full 0):
 garbage-first heap   total 267264K, used 141426K [0x0000000080000000, 0x0000000100000000)
  region size 1024K, 13 young (13312K), 13 survivors (13312K)
 Metaspace       used 131638K, committed 132480K, reserved 1179648K
  class space    used 16920K, committed 17344K, reserved 1048576K
}
Event: 29.942 GC heap before
{Heap before GC invocations=42 (full 0):
 garbage-first heap   total 267264K, used 142450K [0x0000000080000000, 0x0000000100000000)
  region size 1024K, 14 young (14336K), 13 survivors (13312K)
 Metaspace       used 131638K, committed 132480K, reserved 1179648K
  class space    used 16920K, committed 17344K, reserved 1048576K
}
Event: 29.967 GC heap after
{Heap after GC invocations=43 (full 0):
 garbage-first heap   total 267264K, used 141803K [0x0000000080000000, 0x0000000100000000)
  region size 1024K, 2 young (2048K), 2 survivors (2048K)
 Metaspace       used 131638K, committed 132480K, reserved 1179648K
  class space    used 16920K, committed 17344K, reserved 1048576K
}
Event: 30.415 GC heap before
{Heap before GC invocations=43 (full 0):
 garbage-first heap   total 267264K, used 212459K [0x0000000080000000, 0x0000000100000000)
  region size 1024K, 70 young (71680K), 2 survivors (2048K)
 Metaspace       used 131811K, committed 132672K, reserved 1179648K
  class space    used 16920K, committed 17344K, reserved 1048576K
}
Event: 30.429 GC heap after
{Heap after GC invocations=44 (full 0):
 garbage-first heap   total 267264K, used 151040K [0x0000000080000000, 0x0000000100000000)
  region size 1024K, 9 young (9216K), 9 survivors (9216K)
 Metaspace       used 131811K, committed 132672K, reserved 1179648K
  class space    used 16920K, committed 17344K, reserved 1048576K
}
Event: 31.896 GC heap before
{Heap before GC invocations=44 (full 0):
 garbage-first heap   total 267264K, used 214528K [0x0000000080000000, 0x0000000100000000)
  region size 1024K, 71 young (72704K), 9 survivors (9216K)
 Metaspace       used 133045K, committed 133888K, reserved 1179648K
  class space    used 16996K, committed 17408K, reserved 1048576K
}

