# JRE version: OpenJDK Runtime Environment (21.0.6) (build 21.0.6+-13391695-b895.109)
# Java VM: OpenJDK 64-Bit Server VM (21.0.6+-13391695-b895.109, mixed mode, tiered, compressed oops, compressed class ptrs, g1 gc, windows-amd64)
GC Precious Log:
 CardTable entry size: 512
 Card Set container configuration: InlinePtr #cards 5 size 8 Array Of Cards #cards 12 size 40 Howl #buckets 4 coarsen threshold 1843 Howl Bitmap #cards 512 size 80 coarsen threshold 460 Card regions per heap region 1 cards per card region 2048
 CPUs: 4 total, 4 available
 Memory: 8071M
 Large Page Support: Disabled
 NUMA Support: Disabled
 Compressed Oops: Enabled (32-bit)
 Heap Region Size: 1M
 Heap Min Capacity: 8M
 Heap Initial Capacity: 128M
 Heap Max Capacity: 512M
 Pre-touch: Disabled
 Parallel Workers: 4
 Concurrent Workers: 1
 Concurrent Refinement Workers: 4
 Periodic GC: Disabled
Heap:
 garbage-first heap   total 372736K, used 109897K [0x00000000e0000000, 0x0000000100000000)
  region size 1024K, 1 young (1024K), 1 survivors (1024K)
 Metaspace       used 128080K, committed 131072K, reserved 245760K
  class space    used 16563K, committed 18112K, reserved 114688K
GC Heap History (20 events):
Event: 1168.223 GC heap after
{Heap after GC invocations=17968 (full 11934):
 garbage-first heap   total 372736K, used 109893K [0x00000000e0000000, 0x0000000100000000)
  region size 1024K, 0 young (0K), 0 survivors (0K)
 Metaspace       used 128080K, committed 131072K, reserved 245760K
  class space    used 16563K, committed 18112K, reserved 114688K
}
Event: 1168.229 GC heap before
{Heap before GC invocations=17968 (full 11934):
 garbage-first heap   total 372736K, used 109893K [0x00000000e0000000, 0x0000000100000000)
  region size 1024K, 1 young (1024K), 0 survivors (0K)
 Metaspace       used 128080K, committed 131072K, reserved 245760K
  class space    used 16563K, committed 18112K, reserved 114688K
}
Event: 1168.230 GC heap after
{Heap after GC invocations=17969 (full 11934):
 garbage-first heap   total 372736K, used 109899K [0x00000000e0000000, 0x0000000100000000)
  region size 1024K, 1 young (1024K), 1 survivors (1024K)
 Metaspace       used 128080K, committed 131072K, reserved 245760K
  class space    used 16563K, committed 18112K, reserved 114688K
}
Event: 1168.230 GC heap before
{Heap before GC invocations=17969 (full 11934):
 garbage-first heap   total 372736K, used 109899K [0x00000000e0000000, 0x0000000100000000)
  region size 1024K, 1 young (1024K), 1 survivors (1024K)
 Metaspace       used 128080K, committed 131072K, reserved 245760K
  class space    used 16563K, committed 18112K, reserved 114688K
}
Event: 1168.307 GC heap after
{Heap after GC invocations=17970 (full 11935):
 garbage-first heap   total 372736K, used 109893K [0x00000000e0000000, 0x0000000100000000)
  region size 1024K, 0 young (0K), 0 survivors (0K)
 Metaspace       used 128080K, committed 131072K, reserved 245760K
  class space    used 16563K, committed 18112K, reserved 114688K
}
Event: 1168.307 GC heap before
{Heap before GC invocations=17970 (full 11935):
 garbage-first heap   total 372736K, used 109893K [0x00000000e0000000, 0x0000000100000000)
  region size 1024K, 0 young (0K), 0 survivors (0K)
 Metaspace       used 128080K, committed 131072K, reserved 245760K
  class space    used 16563K, committed 18112K, reserved 114688K
}
Event: 1168.383 GC heap after
{Heap after GC invocations=17971 (full 11936):
 garbage-first heap   total 372736K, used 109893K [0x00000000e0000000, 0x0000000100000000)
  region size 1024K, 0 young (0K), 0 survivors (0K)
 Metaspace       used 128080K, committed 131072K, reserved 245760K
  class space    used 16563K, committed 18112K, reserved 114688K
}
Event: 1168.388 GC heap before
{Heap before GC invocations=17971 (full 11936):
 garbage-first heap   total 372736K, used 109893K [0x00000000e0000000, 0x0000000100000000)
  region size 1024K, 1 young (1024K), 0 survivors (0K)
 Metaspace       used 128080K, committed 131072K, reserved 245760K
  class space    used 16563K, committed 18112K, reserved 114688K
}
Event: 1168.389 GC heap after
{Heap after GC invocations=17972 (full 11936):
 garbage-first heap   total 372736K, used 109895K [0x00000000e0000000, 0x0000000100000000)
  region size 1024K, 1 young (1024K), 1 survivors (1024K)
 Metaspace       used 128080K, committed 131072K, reserved 245760K
  class space    used 16563K, committed 18112K, reserved 114688K
}
Event: 1168.389 GC heap before
{Heap before GC invocations=17972 (full 11936):
 garbage-first heap   total 372736K, used 109895K [0x00000000e0000000, 0x0000000100000000)
  region size 1024K, 1 young (1024K), 1 survivors (1024K)
 Metaspace       used 128080K, committed 131072K, reserved 245760K
  class space    used 16563K, committed 18112K, reserved 114688K
}
Event: 1168.468 GC heap after
{Heap after GC invocations=17973 (full 11937):
 garbage-first heap   total 372736K, used 109893K [0x00000000e0000000, 0x0000000100000000)
  region size 1024K, 0 young (0K), 0 survivors (0K)
 Metaspace       used 128080K, committed 131072K, reserved 245760K
  class space    used 16563K, committed 18112K, reserved 114688K
}
Event: 1168.468 GC heap before
{Heap before GC invocations=17973 (full 11937):
 garbage-first heap   total 372736K, used 109893K [0x00000000e0000000, 0x0000000100000000)
  region size 1024K, 0 young (0K), 0 survivors (0K)
 Metaspace       used 128080K, committed 131072K, reserved 245760K
  class space    used 16563K, committed 18112K, reserved 114688K
}
Event: 1168.705 GC heap after
{Heap after GC invocations=17974 (full 11938):
 garbage-first heap   total 372736K, used 109893K [0x00000000e0000000, 0x0000000100000000)
  region size 1024K, 0 young (0K), 0 survivors (0K)
 Metaspace       used 128080K, committed 131072K, reserved 245760K
  class space    used 16563K, committed 18112K, reserved 114688K
}
Event: 1168.715 GC heap before
{Heap before GC invocations=17974 (full 11938):
 garbage-first heap   total 372736K, used 109893K [0x00000000e0000000, 0x0000000100000000)
  region size 1024K, 1 young (1024K), 0 survivors (0K)
 Metaspace       used 128080K, committed 131072K, reserved 245760K
  class space    used 16563K, committed 18112K, reserved 114688K
}
Event: 1168.840 GC heap after
{Heap after GC invocations=17975 (full 11938):
 garbage-first heap   total 372736K, used 109897K [0x00000000e0000000, 0x0000000100000000)
  region size 1024K, 1 young (1024K), 1 survivors (1024K)
 Metaspace       used 128080K, committed 131072K, reserved 245760K
  class space    used 16563K, committed 18112K, reserved 114688K
}
Event: 1168.840 GC heap before
{Heap before GC invocations=17975 (full 11938):
 garbage-first heap   total 372736K, used 109897K [0x00000000e0000000, 0x0000000100000000)
  region size 1024K, 1 young (1024K), 1 survivors (1024K)
 Metaspace       used 128080K, committed 131072K, reserved 245760K
  class space    used 16563K, committed 18112K, reserved 114688K
}
Event: 1169.339 GC heap after
{Heap after GC invocations=17976 (full 11939):
 garbage-first heap   total 372736K, used 109893K [0x00000000e0000000, 0x0000000100000000)
  region size 1024K, 0 young (0K), 0 survivors (0K)
 Metaspace       used 128080K, committed 131072K, reserved 245760K
  class space    used 16563K, committed 18112K, reserved 114688K
}
Event: 1169.339 GC heap before
{Heap before GC invocations=17976 (full 11939):
 garbage-first heap   total 372736K, used 109893K [0x00000000e0000000, 0x0000000100000000)
  region size 1024K, 0 young (0K), 0 survivors (0K)
 Metaspace       used 128080K, committed 131072K, reserved 245760K
  class space    used 16563K, committed 18112K, reserved 114688K
}
Event: 1169.454 GC heap after
{Heap after GC invocations=17977 (full 11940):
 garbage-first heap   total 372736K, used 109893K [0x00000000e0000000, 0x0000000100000000)
  region size 1024K, 0 young (0K), 0 survivors (0K)
 Metaspace       used 128080K, committed 131072K, reserved 245760K
  class space    used 16563K, committed 18112K, reserved 114688K
}
Event: 1169.476 GC heap before
{Heap before GC invocations=17977 (full 11940):
 garbage-first heap   total 372736K, used 109893K [0x00000000e0000000, 0x0000000100000000)
  region size 1024K, 1 young (1024K), 0 survivors (0K)
 Metaspace       used 128080K, committed 131072K, reserved 245760K
  class space    used 16563K, committed 18112K, reserved 114688K
}

