# JRE version: OpenJDK Runtime Environment (21.0.6) (build 21.0.6+-13391695-b895.109)
# Java VM: OpenJDK 64-Bit Server VM (21.0.6+-13391695-b895.109, mixed mode, tiered, compressed oops, compressed class ptrs, g1 gc, windows-amd64)
GC Precious Log:
 CardTable entry size: 512
 Card Set container configuration: InlinePtr #cards 5 size 8 Array Of Cards #cards 12 size 40 Howl #buckets 4 coarsen threshold 1843 Howl Bitmap #cards 512 size 80 coarsen threshold 460 Card regions per heap region 1 cards per card region 2048
 CPUs: 4 total, 4 available
 Memory: 8071M
 Large Page Support: Disabled
 NUMA Support: Disabled
 Compressed Oops: Enabled (32-bit)
 Heap Region Size: 1M
 Heap Min Capacity: 8M
 Heap Initial Capacity: 128M
 Heap Max Capacity: 2G
 Pre-touch: Disabled
 Parallel Workers: 4
 Concurrent Workers: 1
 Concurrent Refinement Workers: 4
 Periodic GC: Disabled
Heap:
 garbage-first heap   total 339968K, used 307346K [0x0000000080000000, 0x0000000100000000)
  region size 1024K, 103 young (105472K), 9 survivors (9216K)
 Metaspace       used 159375K, committed 161984K, reserved 1245184K
  class space    used 20225K, committed 21504K, reserved 1048576K
GC Heap History (20 events):
Event: 19.854 GC heap before
{Heap before GC invocations=37 (full 0):
 garbage-first heap   total 230400K, used 199444K [0x0000000080000000, 0x0000000100000000)
  region size 1024K, 63 young (64512K), 3 survivors (3072K)
 Metaspace       used 96074K, committed 98048K, reserved 1179648K
  class space    used 12757K, committed 13760K, reserved 1048576K
}
Event: 19.863 GC heap after
{Heap after GC invocations=38 (full 0):
 garbage-first heap   total 230400K, used 140708K [0x0000000080000000, 0x0000000100000000)
  region size 1024K, 6 young (6144K), 6 survivors (6144K)
 Metaspace       used 96074K, committed 98048K, reserved 1179648K
  class space    used 12757K, committed 13760K, reserved 1048576K
}
Event: 21.029 GC heap before
{Heap before GC invocations=38 (full 0):
 garbage-first heap   total 230400K, used 214436K [0x0000000080000000, 0x0000000100000000)
  region size 1024K, 75 young (76800K), 6 survivors (6144K)
 Metaspace       used 101813K, committed 103936K, reserved 1179648K
  class space    used 13516K, committed 14592K, reserved 1048576K
}
Event: 21.046 GC heap after
{Heap after GC invocations=39 (full 0):
 garbage-first heap   total 230400K, used 147400K [0x0000000080000000, 0x0000000100000000)
  region size 1024K, 10 young (10240K), 10 survivors (10240K)
 Metaspace       used 101813K, committed 103936K, reserved 1179648K
  class space    used 13516K, committed 14592K, reserved 1048576K
}
Event: 22.154 GC heap before
{Heap before GC invocations=39 (full 0):
 garbage-first heap   total 230400K, used 207816K [0x0000000080000000, 0x0000000100000000)
  region size 1024K, 69 young (70656K), 10 survivors (10240K)
 Metaspace       used 111711K, committed 113856K, reserved 1179648K
  class space    used 15173K, committed 16192K, reserved 1048576K
}
Event: 22.169 GC heap after
{Heap after GC invocations=40 (full 0):
 garbage-first heap   total 230400K, used 150815K [0x0000000080000000, 0x0000000100000000)
  region size 1024K, 3 young (3072K), 3 survivors (3072K)
 Metaspace       used 111711K, committed 113856K, reserved 1179648K
  class space    used 15173K, committed 16192K, reserved 1048576K
}
Event: 22.844 GC heap before
{Heap before GC invocations=41 (full 0):
 garbage-first heap   total 252928K, used 221471K [0x0000000080000000, 0x0000000100000000)
  region size 1024K, 64 young (65536K), 3 survivors (3072K)
 Metaspace       used 113315K, committed 115584K, reserved 1179648K
  class space    used 15352K, committed 16448K, reserved 1048576K
}
Event: 22.873 GC heap after
{Heap after GC invocations=42 (full 0):
 garbage-first heap   total 252928K, used 167795K [0x0000000080000000, 0x0000000100000000)
  region size 1024K, 8 young (8192K), 8 survivors (8192K)
 Metaspace       used 113315K, committed 115584K, reserved 1179648K
  class space    used 15352K, committed 16448K, reserved 1048576K
}
Event: 23.419 GC heap before
{Heap before GC invocations=42 (full 0):
 garbage-first heap   total 252928K, used 228211K [0x0000000080000000, 0x0000000100000000)
  region size 1024K, 67 young (68608K), 8 survivors (8192K)
 Metaspace       used 115278K, committed 117504K, reserved 1179648K
  class space    used 15605K, committed 16704K, reserved 1048576K
}
Event: 23.455 GC heap after
{Heap after GC invocations=43 (full 0):
 garbage-first heap   total 252928K, used 180224K [0x0000000080000000, 0x0000000100000000)
  region size 1024K, 9 young (9216K), 9 survivors (9216K)
 Metaspace       used 115278K, committed 117504K, reserved 1179648K
  class space    used 15605K, committed 16704K, reserved 1048576K
}
Event: 23.705 GC heap before
{Heap before GC invocations=43 (full 0):
 garbage-first heap   total 252928K, used 194560K [0x0000000080000000, 0x0000000100000000)
  region size 1024K, 24 young (24576K), 9 survivors (9216K)
 Metaspace       used 117298K, committed 119488K, reserved 1179648K
  class space    used 15821K, committed 16896K, reserved 1048576K
}
Event: 23.718 GC heap after
{Heap after GC invocations=44 (full 0):
 garbage-first heap   total 252928K, used 182610K [0x0000000080000000, 0x0000000100000000)
  region size 1024K, 2 young (2048K), 2 survivors (2048K)
 Metaspace       used 117298K, committed 119488K, reserved 1179648K
  class space    used 15821K, committed 16896K, reserved 1048576K
}
Event: 24.714 GC heap before
{Heap before GC invocations=45 (full 0):
 garbage-first heap   total 316416K, used 237906K [0x0000000080000000, 0x0000000100000000)
  region size 1024K, 50 young (51200K), 2 survivors (2048K)
 Metaspace       used 122313K, committed 124544K, reserved 1179648K
  class space    used 16253K, committed 17344K, reserved 1048576K
}
Event: 24.723 GC heap after
{Heap after GC invocations=46 (full 0):
 garbage-first heap   total 316416K, used 192420K [0x0000000080000000, 0x0000000100000000)
  region size 1024K, 6 young (6144K), 6 survivors (6144K)
 Metaspace       used 122313K, committed 124544K, reserved 1179648K
  class space    used 16253K, committed 17344K, reserved 1048576K
}
Event: 26.506 GC heap before
{Heap before GC invocations=46 (full 0):
 garbage-first heap   total 316416K, used 286628K [0x0000000080000000, 0x0000000100000000)
  region size 1024K, 97 young (99328K), 6 survivors (6144K)
 Metaspace       used 133146K, committed 135680K, reserved 1179648K
  class space    used 17629K, committed 18880K, reserved 1048576K
}
Event: 26.523 GC heap after
{Heap after GC invocations=47 (full 0):
 garbage-first heap   total 316416K, used 198128K [0x0000000080000000, 0x0000000100000000)
  region size 1024K, 13 young (13312K), 13 survivors (13312K)
 Metaspace       used 133146K, committed 135680K, reserved 1179648K
  class space    used 17629K, committed 18880K, reserved 1048576K
}
Event: 27.543 GC heap before
{Heap before GC invocations=47 (full 0):
 garbage-first heap   total 316416K, used 286192K [0x0000000080000000, 0x0000000100000000)
  region size 1024K, 99 young (101376K), 13 survivors (13312K)
 Metaspace       used 135826K, committed 138368K, reserved 1179648K
  class space    used 17902K, committed 19136K, reserved 1048576K
}
Event: 27.561 GC heap after
{Heap after GC invocations=48 (full 0):
 garbage-first heap   total 316416K, used 203689K [0x0000000080000000, 0x0000000100000000)
  region size 1024K, 8 young (8192K), 8 survivors (8192K)
 Metaspace       used 135826K, committed 138368K, reserved 1179648K
  class space    used 17902K, committed 19136K, reserved 1048576K
}
Event: 30.779 GC heap before
{Heap before GC invocations=49 (full 0):
 garbage-first heap   total 339968K, used 289705K [0x0000000080000000, 0x0000000100000000)
  region size 1024K, 92 young (94208K), 8 survivors (8192K)
 Metaspace       used 144644K, committed 147200K, reserved 1179648K
  class space    used 18831K, committed 20096K, reserved 1048576K
}
Event: 30.801 GC heap after
{Heap after GC invocations=50 (full 0):
 garbage-first heap   total 339968K, used 212114K [0x0000000080000000, 0x0000000100000000)
  region size 1024K, 9 young (9216K), 9 survivors (9216K)
 Metaspace       used 144644K, committed 147200K, reserved 1179648K
  class space    used 18831K, committed 20096K, reserved 1048576K
}

