# JRE version: OpenJDK Runtime Environment (21.0.6) (build 21.0.6+-13391695-b895.109)
# Java VM: OpenJDK 64-Bit Server VM (21.0.6+-13391695-b895.109, mixed mode, tiered, compressed oops, compressed class ptrs, g1 gc, windows-amd64)
GC Precious Log:
 CardTable entry size: 512
 Card Set container configuration: InlinePtr #cards 5 size 8 Array Of Cards #cards 12 size 40 Howl #buckets 4 coarsen threshold 1843 Howl Bitmap #cards 512 size 80 coarsen threshold 460 Card regions per heap region 1 cards per card region 2048
 CPUs: 4 total, 4 available
 Memory: 8071M
 Large Page Support: Disabled
 NUMA Support: Disabled
 Compressed Oops: Enabled (32-bit)
 Heap Region Size: 1M
 Heap Min Capacity: 8M
 Heap Initial Capacity: 128M
 Heap Max Capacity: 2G
 Pre-touch: Disabled
 Parallel Workers: 4
 Concurrent Workers: 1
 Concurrent Refinement Workers: 4
 Periodic GC: Disabled
Heap:
 garbage-first heap   total 350208K, used 261558K [0x0000000080000000, 0x0000000100000000)
  region size 1024K, 65 young (66560K), 13 survivors (13312K)
 Metaspace       used 151869K, committed 154496K, reserved 1245184K
  class space    used 19691K, committed 20992K, reserved 1048576K
GC Heap History (20 events):
Event: 21.075 GC heap before
{Heap before GC invocations=39 (full 0):
 garbage-first heap   total 229376K, used 157001K [0x0000000080000000, 0x0000000100000000)
  region size 1024K, 21 young (21504K), 3 survivors (3072K)
 Metaspace       used 101307K, committed 103424K, reserved 1179648K
  class space    used 13897K, committed 14912K, reserved 1048576K
}
Event: 21.084 GC heap after
{Heap after GC invocations=40 (full 0):
 garbage-first heap   total 229376K, used 139951K [0x0000000080000000, 0x0000000100000000)
  region size 1024K, 4 young (4096K), 4 survivors (4096K)
 Metaspace       used 101307K, committed 103424K, reserved 1179648K
  class space    used 13897K, committed 14912K, reserved 1048576K
}
Event: 23.011 GC heap before
{Heap before GC invocations=41 (full 0):
 garbage-first heap   total 235520K, used 210607K [0x0000000080000000, 0x0000000100000000)
  region size 1024K, 70 young (71680K), 4 survivors (4096K)
 Metaspace       used 106937K, committed 109184K, reserved 1179648K
  class space    used 14648K, committed 15744K, reserved 1048576K
}
Event: 23.022 GC heap after
{Heap after GC invocations=42 (full 0):
 garbage-first heap   total 235520K, used 148111K [0x0000000080000000, 0x0000000100000000)
  region size 1024K, 9 young (9216K), 9 survivors (9216K)
 Metaspace       used 106937K, committed 109184K, reserved 1179648K
  class space    used 14648K, committed 15744K, reserved 1048576K
}
Event: 24.205 GC heap before
{Heap before GC invocations=42 (full 0):
 garbage-first heap   total 235520K, used 219791K [0x0000000080000000, 0x0000000100000000)
  region size 1024K, 72 young (73728K), 9 survivors (9216K)
 Metaspace       used 114497K, committed 116800K, reserved 1179648K
  class space    used 15531K, committed 16640K, reserved 1048576K
}
Event: 24.224 GC heap after
{Heap after GC invocations=43 (full 0):
 garbage-first heap   total 236544K, used 159977K [0x0000000080000000, 0x0000000100000000)
  region size 1024K, 6 young (6144K), 6 survivors (6144K)
 Metaspace       used 114497K, committed 116800K, reserved 1179648K
  class space    used 15531K, committed 16640K, reserved 1048576K
}
Event: 24.347 GC heap before
{Heap before GC invocations=43 (full 0):
 garbage-first heap   total 236544K, used 176361K [0x0000000080000000, 0x0000000100000000)
  region size 1024K, 23 young (23552K), 6 survivors (6144K)
 Metaspace       used 114607K, committed 116928K, reserved 1179648K
  class space    used 15535K, committed 16640K, reserved 1048576K
}
Event: 24.369 GC heap after
{Heap after GC invocations=44 (full 0):
 garbage-first heap   total 236544K, used 168333K [0x0000000080000000, 0x0000000100000000)
  region size 1024K, 8 young (8192K), 8 survivors (8192K)
 Metaspace       used 114607K, committed 116928K, reserved 1179648K
  class space    used 15535K, committed 16640K, reserved 1048576K
}
Event: 24.804 GC heap before
{Heap before GC invocations=45 (full 0):
 garbage-first heap   total 283648K, used 213389K [0x0000000080000000, 0x0000000100000000)
  region size 1024K, 51 young (52224K), 8 survivors (8192K)
 Metaspace       used 114629K, committed 116928K, reserved 1179648K
  class space    used 15536K, committed 16640K, reserved 1048576K
}
Event: 24.830 GC heap after
{Heap after GC invocations=46 (full 0):
 garbage-first heap   total 283648K, used 174062K [0x0000000080000000, 0x0000000100000000)
  region size 1024K, 7 young (7168K), 7 survivors (7168K)
 Metaspace       used 114629K, committed 116928K, reserved 1179648K
  class space    used 15536K, committed 16640K, reserved 1048576K
}
Event: 25.715 GC heap before
{Heap before GC invocations=46 (full 0):
 garbage-first heap   total 283648K, used 247790K [0x0000000080000000, 0x0000000100000000)
  region size 1024K, 72 young (73728K), 7 survivors (7168K)
 Metaspace       used 119354K, committed 121600K, reserved 1179648K
  class space    used 16073K, committed 17152K, reserved 1048576K
}
Event: 25.737 GC heap after
{Heap after GC invocations=47 (full 0):
 garbage-first heap   total 283648K, used 189952K [0x0000000080000000, 0x0000000100000000)
  region size 1024K, 9 young (9216K), 9 survivors (9216K)
 Metaspace       used 119354K, committed 121600K, reserved 1179648K
  class space    used 16073K, committed 17152K, reserved 1048576K
}
Event: 26.574 GC heap before
{Heap before GC invocations=47 (full 0):
 garbage-first heap   total 283648K, used 249344K [0x0000000080000000, 0x0000000100000000)
  region size 1024K, 67 young (68608K), 9 survivors (9216K)
 Metaspace       used 126499K, committed 128960K, reserved 1179648K
  class space    used 16810K, committed 18048K, reserved 1048576K
}
Event: 26.590 GC heap after
{Heap after GC invocations=48 (full 0):
 garbage-first heap   total 283648K, used 194860K [0x0000000080000000, 0x0000000100000000)
  region size 1024K, 4 young (4096K), 4 survivors (4096K)
 Metaspace       used 126499K, committed 128960K, reserved 1179648K
  class space    used 16810K, committed 18048K, reserved 1048576K
}
Event: 27.867 GC heap before
{Heap before GC invocations=49 (full 0):
 garbage-first heap   total 324608K, used 254252K [0x0000000080000000, 0x0000000100000000)
  region size 1024K, 62 young (63488K), 4 survivors (4096K)
 Metaspace       used 134257K, committed 136832K, reserved 1179648K
  class space    used 17813K, committed 19072K, reserved 1048576K
}
Event: 27.877 GC heap after
{Heap after GC invocations=50 (full 0):
 garbage-first heap   total 324608K, used 197537K [0x0000000080000000, 0x0000000100000000)
  region size 1024K, 8 young (8192K), 8 survivors (8192K)
 Metaspace       used 134257K, committed 136832K, reserved 1179648K
  class space    used 17813K, committed 19072K, reserved 1048576K
}
Event: 29.049 GC heap before
{Heap before GC invocations=50 (full 0):
 garbage-first heap   total 324608K, used 283553K [0x0000000080000000, 0x0000000100000000)
  region size 1024K, 92 young (94208K), 8 survivors (8192K)
 Metaspace       used 136954K, committed 139456K, reserved 1179648K
  class space    used 18085K, committed 19328K, reserved 1048576K
}
Event: 29.068 GC heap after
{Heap after GC invocations=51 (full 0):
 garbage-first heap   total 324608K, used 201933K [0x0000000080000000, 0x0000000100000000)
  region size 1024K, 11 young (11264K), 11 survivors (11264K)
 Metaspace       used 136954K, committed 139456K, reserved 1179648K
  class space    used 18085K, committed 19328K, reserved 1048576K
}
Event: 31.444 GC heap before
{Heap before GC invocations=51 (full 0):
 garbage-first heap   total 324608K, used 291021K [0x0000000080000000, 0x0000000100000000)
  region size 1024K, 98 young (100352K), 11 survivors (11264K)
 Metaspace       used 145223K, committed 147840K, reserved 1179648K
  class space    used 18944K, committed 20224K, reserved 1048576K
}
Event: 31.466 GC heap after
{Heap after GC invocations=52 (full 0):
 garbage-first heap   total 324608K, used 209334K [0x0000000080000000, 0x0000000100000000)
  region size 1024K, 13 young (13312K), 13 survivors (13312K)
 Metaspace       used 145223K, committed 147840K, reserved 1179648K
  class space    used 18944K, committed 20224K, reserved 1048576K
}

